  Akaname.cpp
  Animador.cpp
C:\Users\Henrique\Desktop\Faculdade\Técnicas de Programação\RONIN\RONIN\Animador.cpp(9,38): warning C4244:  '=': conversão de 'float' para 'T', possível perda de dados
C:\Users\Henrique\Desktop\Faculdade\Técnicas de Programação\RONIN\RONIN\Animador.cpp(9,38): warning C4244:         with
C:\Users\Henrique\Desktop\Faculdade\Técnicas de Programação\RONIN\RONIN\Animador.cpp(9,38): warning C4244:         [
C:\Users\Henrique\Desktop\Faculdade\Técnicas de Programação\RONIN\RONIN\Animador.cpp(9,38): warning C4244:             T=int
C:\Users\Henrique\Desktop\Faculdade\Técnicas de Programação\RONIN\RONIN\Animador.cpp(9,38): warning C4244:         ]
  Botao.cpp
  Caixa.cpp
  Colisor.cpp
  Entidade.cpp
  Fase.cpp
  Fase1.cpp
  Fase2.cpp
  GerenciadorGrafico.cpp
C:\Users\Henrique\Desktop\Faculdade\Técnicas de Programação\RONIN\RONIN\Animador.cpp(10,39): warning C4244:  '=': conversão de 'float' para 'T', possível perda de dados
C:\Users\Henrique\Desktop\Faculdade\Técnicas de Programação\RONIN\RONIN\Animador.cpp(10,39): warning C4244:         with
C:\Users\Henrique\Desktop\Faculdade\Técnicas de Programação\RONIN\RONIN\Animador.cpp(10,39): warning C4244:         [
C:\Users\Henrique\Desktop\Faculdade\Técnicas de Programação\RONIN\RONIN\Animador.cpp(10,39): warning C4244:             T=int
C:\Users\Henrique\Desktop\Faculdade\Técnicas de Programação\RONIN\RONIN\Animador.cpp(10,39): warning C4244:         ]
C:\Users\Henrique\Desktop\Faculdade\Técnicas de Programação\RONIN\RONIN\GerenciadorGrafico.cpp(49,22): warning C4244:  'argumento': conversão de 'int' para 'float', possível perda de dados
  Inimigo.cpp
  Jogador.cpp
  Jogo.cpp
C:\Users\Henrique\Desktop\Faculdade\Técnicas de Programação\RONIN\RONIN\GerenciadorGrafico.cpp(49,19): warning C4244:  'argumento': conversão de 'int' para 'float', possível perda de dados
C:\Users\Henrique\Desktop\Faculdade\Técnicas de Programação\RONIN\RONIN\Jogo.cpp(78,85): warning C4244:  'argumento': conversão de 'T' para 'int', possível perda de dados
C:\Users\Henrique\Desktop\Faculdade\Técnicas de Programação\RONIN\RONIN\Jogo.cpp(78,85): warning C4244:         with
C:\Users\Henrique\Desktop\Faculdade\Técnicas de Programação\RONIN\RONIN\Jogo.cpp(78,85): warning C4244:         [
C:\Users\Henrique\Desktop\Faculdade\Técnicas de Programação\RONIN\RONIN\Jogo.cpp(78,85): warning C4244:             T=float
C:\Users\Henrique\Desktop\Faculdade\Técnicas de Programação\RONIN\RONIN\Jogo.cpp(78,85): warning C4244:         ]
  Kage.cpp
  ListaEntidades.cpp
  main.cpp
  Menu.cpp
  Obstaculo.cpp
  Personagem.cpp
C:\Users\Henrique\Desktop\Faculdade\Técnicas de Programação\RONIN\RONIN\Jogo.cpp(78,53): warning C4244:  'argumento': conversão de 'T' para 'int', possível perda de dados
C:\Users\Henrique\Desktop\Faculdade\Técnicas de Programação\RONIN\RONIN\Jogo.cpp(78,53): warning C4244:         with
C:\Users\Henrique\Desktop\Faculdade\Técnicas de Programação\RONIN\RONIN\Jogo.cpp(78,53): warning C4244:         [
C:\Users\Henrique\Desktop\Faculdade\Técnicas de Programação\RONIN\RONIN\Jogo.cpp(78,53): warning C4244:             T=float
C:\Users\Henrique\Desktop\Faculdade\Técnicas de Programação\RONIN\RONIN\Jogo.cpp(78,53): warning C4244:         ]
  Plataforma.cpp
  Gerando Código...
  Compilando...
  Umibozu.cpp
  Gerando Código...
C:\Users\Henrique\Desktop\Faculdade\Técnicas de Programação\RONIN\RONIN\Personagem.cpp(35,18): warning C4244:  '=': conversão de 'float' para 'int', possível perda de dados
Animador.obj : error LNK2019: símbolo externo indefinido "__declspec(dllimport) public: class sf::Vector2<unsigned int> __cdecl sf::Texture::getSize(void)const " (__imp_?getSize@Texture@sf@@QEBA?AV?$Vector2@I@2@XZ) referenciado na função "public: __cdecl Animador::Animador(class sf::Texture *,class sf::Vector2<unsigned int>,float)" (??0Animador@@QEAA@PEAVTexture@sf@@V?$Vector2@I@2@M@Z)
Umibozu.obj : error LNK2019: símbolo externo indefinido "__declspec(dllimport) public: void __cdecl sf::Transformable::setPosition(class sf::Vector2<float> const &)" (__imp_?setPosition@Transformable@sf@@QEAAXAEBV?$Vector2@M@2@@Z) referenciado na função "char * __cdecl std::_Maklocstr<char>(char const *,char *,struct _Cvtvec const &)" (??$_Maklocstr@D@std@@YAPEADPEBDPEADAEBU_Cvtvec@@@Z)
Caixa.obj : error LNK2001: símbolos externos indefinidos "__declspec(dllimport) public: void __cdecl sf::Transformable::setPosition(class sf::Vector2<float> const &)" (__imp_?setPosition@Transformable@sf@@QEAAXAEBV?$Vector2@M@2@@Z)
Jogador.obj : error LNK2001: símbolos externos indefinidos "__declspec(dllimport) public: void __cdecl sf::Transformable::setPosition(class sf::Vector2<float> const &)" (__imp_?setPosition@Transformable@sf@@QEAAXAEBV?$Vector2@M@2@@Z)
Personagem.obj : error LNK2001: símbolos externos indefinidos "__declspec(dllimport) public: void __cdecl sf::Transformable::setPosition(class sf::Vector2<float> const &)" (__imp_?setPosition@Transformable@sf@@QEAAXAEBV?$Vector2@M@2@@Z)
Plataforma.obj : error LNK2001: símbolos externos indefinidos "__declspec(dllimport) public: void __cdecl sf::Transformable::setPosition(class sf::Vector2<float> const &)" (__imp_?setPosition@Transformable@sf@@QEAAXAEBV?$Vector2@M@2@@Z)
Caixa.obj : error LNK2019: símbolo externo indefinido "__declspec(dllimport) public: void __cdecl sf::Transformable::setOrigin(class sf::Vector2<float> const &)" (__imp_?setOrigin@Transformable@sf@@QEAAXAEBV?$Vector2@M@2@@Z) referenciado na função "public: __cdecl Caixa::Caixa(class sf::Texture *,class sf::Vector2<unsigned int>,float)" (??0Caixa@@QEAA@PEAVTexture@sf@@V?$Vector2@I@2@M@Z)
Menu.obj : error LNK2001: símbolos externos indefinidos "__declspec(dllimport) public: void __cdecl sf::Transformable::setOrigin(class sf::Vector2<float> const &)" (__imp_?setOrigin@Transformable@sf@@QEAAXAEBV?$Vector2@M@2@@Z)
Plataforma.obj : error LNK2001: símbolos externos indefinidos "__declspec(dllimport) public: void __cdecl sf::Transformable::setOrigin(class sf::Vector2<float> const &)" (__imp_?setOrigin@Transformable@sf@@QEAAXAEBV?$Vector2@M@2@@Z)
Umibozu.obj : error LNK2001: símbolos externos indefinidos "__declspec(dllimport) public: void __cdecl sf::Transformable::setOrigin(class sf::Vector2<float> const &)" (__imp_?setOrigin@Transformable@sf@@QEAAXAEBV?$Vector2@M@2@@Z)
Caixa.obj : error LNK2019: símbolo externo indefinido "__declspec(dllimport) public: __cdecl sf::Color::Color(unsigned char,unsigned char,unsigned char,unsigned char)" (__imp_??0Color@sf@@QEAA@EEEE@Z) referenciado na função "public: __cdecl Caixa::Caixa(class sf::Texture *,class sf::Vector2<unsigned int>,float)" (??0Caixa@@QEAA@PEAVTexture@sf@@V?$Vector2@I@2@M@Z)
GerenciadorGrafico.obj : error LNK2001: símbolos externos indefinidos "__declspec(dllimport) public: __cdecl sf::Color::Color(unsigned char,unsigned char,unsigned char,unsigned char)" (__imp_??0Color@sf@@QEAA@EEEE@Z)
Jogador.obj : error LNK2001: símbolos externos indefinidos "__declspec(dllimport) public: __cdecl sf::Color::Color(unsigned char,unsigned char,unsigned char,unsigned char)" (__imp_??0Color@sf@@QEAA@EEEE@Z)
Caixa.obj : error LNK2019: símbolo externo indefinido "__declspec(dllimport) public: void __cdecl sf::Shape::setFillColor(class sf::Color const &)" (__imp_?setFillColor@Shape@sf@@QEAAXAEBVColor@2@@Z) referenciado na função "public: __cdecl Caixa::Caixa(class sf::Texture *,class sf::Vector2<unsigned int>,float)" (??0Caixa@@QEAA@PEAVTexture@sf@@V?$Vector2@I@2@M@Z)
Jogador.obj : error LNK2001: símbolos externos indefinidos "__declspec(dllimport) public: void __cdecl sf::Shape::setFillColor(class sf::Color const &)" (__imp_?setFillColor@Shape@sf@@QEAAXAEBVColor@2@@Z)
Umibozu.obj : error LNK2019: símbolo externo indefinido "__declspec(dllimport) public: void __cdecl sf::RectangleShape::setSize(class sf::Vector2<float> const &)" (__imp_?setSize@RectangleShape@sf@@QEAAXAEBV?$Vector2@M@2@@Z) referenciado na função "char * __cdecl std::_Maklocstr<char>(char const *,char *,struct _Cvtvec const &)" (??$_Maklocstr@D@std@@YAPEADPEBDPEADAEBU_Cvtvec@@@Z)
Caixa.obj : error LNK2001: símbolos externos indefinidos "__declspec(dllimport) public: void __cdecl sf::RectangleShape::setSize(class sf::Vector2<float> const &)" (__imp_?setSize@RectangleShape@sf@@QEAAXAEBV?$Vector2@M@2@@Z)
Jogador.obj : error LNK2001: símbolos externos indefinidos "__declspec(dllimport) public: void __cdecl sf::RectangleShape::setSize(class sf::Vector2<float> const &)" (__imp_?setSize@RectangleShape@sf@@QEAAXAEBV?$Vector2@M@2@@Z)
Menu.obj : error LNK2001: símbolos externos indefinidos "__declspec(dllimport) public: void __cdecl sf::RectangleShape::setSize(class sf::Vector2<float> const &)" (__imp_?setSize@RectangleShape@sf@@QEAAXAEBV?$Vector2@M@2@@Z)
Plataforma.obj : error LNK2001: símbolos externos indefinidos "__declspec(dllimport) public: void __cdecl sf::RectangleShape::setSize(class sf::Vector2<float> const &)" (__imp_?setSize@RectangleShape@sf@@QEAAXAEBV?$Vector2@M@2@@Z)
Caixa.obj : error LNK2019: símbolo externo indefinido "__declspec(dllimport) public: class sf::Vector2<float> const & __cdecl sf::RectangleShape::getSize(void)const " (__imp_?getSize@RectangleShape@sf@@QEBAAEBV?$Vector2@M@2@XZ) referenciado na função "public: __cdecl Caixa::Caixa(class sf::Texture *,class sf::Vector2<unsigned int>,float)" (??0Caixa@@QEAA@PEAVTexture@sf@@V?$Vector2@I@2@M@Z)
Colisor.obj : error LNK2001: símbolos externos indefinidos "__declspec(dllimport) public: class sf::Vector2<float> const & __cdecl sf::RectangleShape::getSize(void)const " (__imp_?getSize@RectangleShape@sf@@QEBAAEBV?$Vector2@M@2@XZ)
Jogador.obj : error LNK2001: símbolos externos indefinidos "__declspec(dllimport) public: class sf::Vector2<float> const & __cdecl sf::RectangleShape::getSize(void)const " (__imp_?getSize@RectangleShape@sf@@QEBAAEBV?$Vector2@M@2@XZ)
Umibozu.obj : error LNK2001: símbolos externos indefinidos "__declspec(dllimport) public: class sf::Vector2<float> const & __cdecl sf::RectangleShape::getSize(void)const " (__imp_?getSize@RectangleShape@sf@@QEBAAEBV?$Vector2@M@2@XZ)
Umibozu.obj : error LNK2019: símbolo externo indefinido "__declspec(dllimport) public: class sf::Vector2<float> const & __cdecl sf::Transformable::getPosition(void)const " (__imp_?getPosition@Transformable@sf@@QEBAAEBV?$Vector2@M@2@XZ) referenciado na função "wchar_t * __cdecl std::_Maklocstr<wchar_t>(char const *,wchar_t *,struct _Cvtvec const &)" (??$_Maklocstr@_W@std@@YAPEA_WPEBDPEA_WAEBU_Cvtvec@@@Z)
Colisor.obj : error LNK2001: símbolos externos indefinidos "__declspec(dllimport) public: class sf::Vector2<float> const & __cdecl sf::Transformable::getPosition(void)const " (__imp_?getPosition@Transformable@sf@@QEBAAEBV?$Vector2@M@2@XZ)
Entidade.obj : error LNK2001: símbolos externos indefinidos "__declspec(dllimport) public: class sf::Vector2<float> const & __cdecl sf::Transformable::getPosition(void)const " (__imp_?getPosition@Transformable@sf@@QEBAAEBV?$Vector2@M@2@XZ)
Jogador.obj : error LNK2001: símbolos externos indefinidos "__declspec(dllimport) public: class sf::Vector2<float> const & __cdecl sf::Transformable::getPosition(void)const " (__imp_?getPosition@Transformable@sf@@QEBAAEBV?$Vector2@M@2@XZ)
Personagem.obj : error LNK2001: símbolos externos indefinidos "__declspec(dllimport) public: class sf::Vector2<float> const & __cdecl sf::Transformable::getPosition(void)const " (__imp_?getPosition@Transformable@sf@@QEBAAEBV?$Vector2@M@2@XZ)
Colisor.obj : error LNK2019: símbolo externo indefinido "__declspec(dllimport) public: void __cdecl sf::Transformable::move(float,float)" (__imp_?move@Transformable@sf@@QEAAXMM@Z) referenciado na função "public: void __cdecl Colisor::mover(float,float)" (?mover@Colisor@@QEAAXMM@Z)
Entidade.obj : error LNK2019: símbolo externo indefinido "__declspec(dllimport) public: void __cdecl sf::Shape::setTexture(class sf::Texture const *,bool)" (__imp_?setTexture@Shape@sf@@QEAAXPEBVTexture@2@_N@Z) referenciado na função "public: __cdecl Entidade::Entidade(class sf::Texture *,class sf::Vector2<unsigned int>,float)" (??0Entidade@@QEAA@PEAVTexture@sf@@V?$Vector2@I@2@M@Z)
Menu.obj : error LNK2001: símbolos externos indefinidos "__declspec(dllimport) public: void __cdecl sf::Shape::setTexture(class sf::Texture const *,bool)" (__imp_?setTexture@Shape@sf@@QEAAXPEBVTexture@2@_N@Z)
Plataforma.obj : error LNK2001: símbolos externos indefinidos "__declspec(dllimport) public: void __cdecl sf::Shape::setTexture(class sf::Texture const *,bool)" (__imp_?setTexture@Shape@sf@@QEAAXPEBVTexture@2@_N@Z)
Entidade.obj : error LNK2019: símbolo externo indefinido "__declspec(dllimport) public: __cdecl sf::Texture::Texture(void)" (__imp_??0Texture@sf@@QEAA@XZ) referenciado na função "public: __cdecl Entidade::Entidade(class sf::Texture *,class sf::Vector2<unsigned int>,float)" (??0Entidade@@QEAA@PEAVTexture@sf@@V?$Vector2@I@2@M@Z)
Jogo.obj : error LNK2001: símbolos externos indefinidos "__declspec(dllimport) public: __cdecl sf::Texture::Texture(void)" (__imp_??0Texture@sf@@QEAA@XZ)
Menu.obj : error LNK2001: símbolos externos indefinidos "__declspec(dllimport) public: __cdecl sf::Texture::Texture(void)" (__imp_??0Texture@sf@@QEAA@XZ)
Entidade.obj : error LNK2019: símbolo externo indefinido "__declspec(dllimport) public: __cdecl sf::Texture::~Texture(void)" (__imp_??1Texture@sf@@QEAA@XZ) referenciado na função "int `public: __cdecl Entidade::Entidade(class sf::Texture *,class Texture::Vector2<unsigned int>,float)'::`1'::dtor$2" (?dtor$2@?0???0Entidade@@QEAA@PEAVTexture@sf@@V?$Vector2@I@2@M@Z@4HA)
Jogo.obj : error LNK2001: símbolos externos indefinidos "__declspec(dllimport) public: __cdecl sf::Texture::~Texture(void)" (__imp_??1Texture@sf@@QEAA@XZ)
Menu.obj : error LNK2001: símbolos externos indefinidos "__declspec(dllimport) public: __cdecl sf::Texture::~Texture(void)" (__imp_??1Texture@sf@@QEAA@XZ)
Entidade.obj : error LNK2019: símbolo externo indefinido "__declspec(dllimport) public: __cdecl sf::RectangleShape::RectangleShape(class sf::Vector2<float> const &)" (__imp_??0RectangleShape@sf@@QEAA@AEBV?$Vector2@M@1@@Z) referenciado na função "public: __cdecl Entidade::Entidade(class sf::Texture *,class sf::Vector2<unsigned int>,float)" (??0Entidade@@QEAA@PEAVTexture@sf@@V?$Vector2@I@2@M@Z)
Menu.obj : error LNK2001: símbolos externos indefinidos "__declspec(dllimport) public: __cdecl sf::RectangleShape::RectangleShape(class sf::Vector2<float> const &)" (__imp_??0RectangleShape@sf@@QEAA@AEBV?$Vector2@M@1@@Z)
Personagem.obj : error LNK2001: símbolos externos indefinidos "__declspec(dllimport) public: __cdecl sf::RectangleShape::RectangleShape(class sf::Vector2<float> const &)" (__imp_??0RectangleShape@sf@@QEAA@AEBV?$Vector2@M@1@@Z)
Plataforma.obj : error LNK2001: símbolos externos indefinidos "__declspec(dllimport) public: __cdecl sf::RectangleShape::RectangleShape(class sf::Vector2<float> const &)" (__imp_??0RectangleShape@sf@@QEAA@AEBV?$Vector2@M@1@@Z)
Entidade.obj : error LNK2019: símbolo externo indefinido "__declspec(dllimport) public: virtual __cdecl sf::RectangleShape::~RectangleShape(void)" (__imp_??1RectangleShape@sf@@UEAA@XZ) referenciado na função "int `public: __cdecl Entidade::Entidade(class sf::Texture *,class Texture::Vector2<unsigned int>,float)'::`1'::dtor$0" (?dtor$0@?0???0Entidade@@QEAA@PEAVTexture@sf@@V?$Vector2@I@2@M@Z@4HA)
Menu.obj : error LNK2001: símbolos externos indefinidos "__declspec(dllimport) public: virtual __cdecl sf::RectangleShape::~RectangleShape(void)" (__imp_??1RectangleShape@sf@@UEAA@XZ)
Personagem.obj : error LNK2001: símbolos externos indefinidos "__declspec(dllimport) public: virtual __cdecl sf::RectangleShape::~RectangleShape(void)" (__imp_??1RectangleShape@sf@@UEAA@XZ)
Plataforma.obj : error LNK2001: símbolos externos indefinidos "__declspec(dllimport) public: virtual __cdecl sf::RectangleShape::~RectangleShape(void)" (__imp_??1RectangleShape@sf@@UEAA@XZ)
Entidade.obj : error LNK2019: símbolo externo indefinido "__declspec(dllimport) public: __cdecl sf::RectangleShape::RectangleShape(class sf::RectangleShape const &)" (__imp_??0RectangleShape@sf@@QEAA@AEBV01@@Z) referenciado na função "public: class sf::RectangleShape __cdecl Entidade::retornarCorpo(void)const " (?retornarCorpo@Entidade@@QEBA?AVRectangleShape@sf@@XZ)
Jogo.obj : error LNK2001: símbolos externos indefinidos "__declspec(dllimport) public: __cdecl sf::RectangleShape::RectangleShape(class sf::RectangleShape const &)" (__imp_??0RectangleShape@sf@@QEAA@AEBV01@@Z)
Personagem.obj : error LNK2001: símbolos externos indefinidos "__declspec(dllimport) public: __cdecl sf::RectangleShape::RectangleShape(class sf::RectangleShape const &)" (__imp_??0RectangleShape@sf@@QEAA@AEBV01@@Z)
Plataforma.obj : error LNK2001: símbolos externos indefinidos "__declspec(dllimport) public: __cdecl sf::RectangleShape::RectangleShape(class sf::RectangleShape const &)" (__imp_??0RectangleShape@sf@@QEAA@AEBV01@@Z)
Entidade.obj : error LNK2019: símbolo externo indefinido "__declspec(dllimport) public: class sf::RectangleShape & __cdecl sf::RectangleShape::operator=(class sf::RectangleShape const &)" (__imp_??4RectangleShape@sf@@QEAAAEAV01@AEBV01@@Z) referenciado na função "public: void __cdecl Entidade::setarCorpo(class sf::RectangleShape)" (?setarCorpo@Entidade@@QEAAXVRectangleShape@sf@@@Z)
Jogo.obj : error LNK2001: símbolos externos indefinidos "__declspec(dllimport) public: class sf::RectangleShape & __cdecl sf::RectangleShape::operator=(class sf::RectangleShape const &)" (__imp_??4RectangleShape@sf@@QEAAAEAV01@AEBV01@@Z)
Personagem.obj : error LNK2001: símbolos externos indefinidos "__declspec(dllimport) public: class sf::RectangleShape & __cdecl sf::RectangleShape::operator=(class sf::RectangleShape const &)" (__imp_??4RectangleShape@sf@@QEAAAEAV01@AEBV01@@Z)
Fase.obj : error LNK2019: símbolo externo indefinido "__declspec(dllimport) public: __cdecl sf::Music::Music(void)" (__imp_??0Music@sf@@QEAA@XZ) referenciado na função "public: __cdecl Fase::Fase(void)" (??0Fase@@QEAA@XZ)
Menu.obj : error LNK2001: símbolos externos indefinidos "__declspec(dllimport) public: __cdecl sf::Music::Music(void)" (__imp_??0Music@sf@@QEAA@XZ)
Fase.obj : error LNK2019: símbolo externo indefinido "__declspec(dllimport) public: virtual __cdecl sf::Music::~Music(void)" (__imp_??1Music@sf@@UEAA@XZ) referenciado na função "public: __cdecl Fase::~Fase(void)" (??1Fase@@QEAA@XZ)
Menu.obj : error LNK2001: símbolos externos indefinidos "__declspec(dllimport) public: virtual __cdecl sf::Music::~Music(void)" (__imp_??1Music@sf@@UEAA@XZ)
GerenciadorGrafico.obj : error LNK2019: símbolo externo indefinido "__declspec(dllimport) public: __cdecl sf::String::String(char const *,class std::locale const &)" (__imp_??0String@sf@@QEAA@PEBDAEBVlocale@std@@@Z) referenciado na função "protected: __cdecl GerenciadorGrafico::GerenciadorGrafico(void)" (??0GerenciadorGrafico@@IEAA@XZ)
GerenciadorGrafico.obj : error LNK2019: símbolo externo indefinido "__declspec(dllimport) public: __cdecl sf::String::~String(void)" (__imp_??1String@sf@@QEAA@XZ) referenciado na função "protected: __cdecl GerenciadorGrafico::GerenciadorGrafico(void)" (??0GerenciadorGrafico@@IEAA@XZ)
GerenciadorGrafico.obj : error LNK2019: símbolo externo indefinido "__declspec(dllimport) public: __cdecl sf::VideoMode::VideoMode(unsigned int,unsigned int,unsigned int)" (__imp_??0VideoMode@sf@@QEAA@III@Z) referenciado na função "protected: __cdecl GerenciadorGrafico::GerenciadorGrafico(void)" (??0GerenciadorGrafico@@IEAA@XZ)
GerenciadorGrafico.obj : error LNK2019: símbolo externo indefinido "__declspec(dllimport) public: void __cdecl sf::Window::close(void)" (__imp_?close@Window@sf@@QEAAXXZ) referenciado na função "public: void __cdecl GerenciadorGrafico::fecharJanela(void)" (?fecharJanela@GerenciadorGrafico@@QEAAXXZ)
GerenciadorGrafico.obj : error LNK2019: símbolo externo indefinido "__declspec(dllimport) public: bool __cdecl sf::Window::isOpen(void)const " (__imp_?isOpen@Window@sf@@QEBA_NXZ) referenciado na função "public: bool __cdecl GerenciadorGrafico::janelaAberta(void)" (?janelaAberta@GerenciadorGrafico@@QEAA_NXZ)
GerenciadorGrafico.obj : error LNK2019: símbolo externo indefinido "__declspec(dllimport) public: bool __cdecl sf::Window::pollEvent(class sf::Event &)" (__imp_?pollEvent@Window@sf@@QEAA_NAEAVEvent@2@@Z) referenciado na função "public: bool __cdecl GerenciadorGrafico::avaliaEvento(class sf::Event &)" (?avaliaEvento@GerenciadorGrafico@@QEAA_NAEAVEvent@sf@@@Z)
GerenciadorGrafico.obj : error LNK2019: símbolo externo indefinido "__declspec(dllimport) public: void __cdecl sf::Window::display(void)" (__imp_?display@Window@sf@@QEAAXXZ) referenciado na função "public: void __cdecl GerenciadorGrafico::mostrarJanela(void)" (?mostrarJanela@GerenciadorGrafico@@QEAAXXZ)
GerenciadorGrafico.obj : error LNK2019: símbolo externo indefinido "__declspec(dllimport) public: __cdecl sf::View::View(class sf::Vector2<float> const &,class sf::Vector2<float> const &)" (__imp_??0View@sf@@QEAA@AEBV?$Vector2@M@1@0@Z) referenciado na função "protected: __cdecl GerenciadorGrafico::GerenciadorGrafico(void)" (??0GerenciadorGrafico@@IEAA@XZ)
GerenciadorGrafico.obj : error LNK2019: símbolo externo indefinido "__declspec(dllimport) public: void __cdecl sf::View::setCenter(float,float)" (__imp_?setCenter@View@sf@@QEAAXMM@Z) referenciado na função "public: void __cdecl GerenciadorGrafico::setarCentroCamera(int,int)" (?setarCentroCamera@GerenciadorGrafico@@QEAAXHH@Z)
GerenciadorGrafico.obj : error LNK2019: símbolo externo indefinido "__declspec(dllimport) public: void __cdecl sf::View::setSize(float,float)" (__imp_?setSize@View@sf@@QEAAXMM@Z) referenciado na função "public: void __cdecl GerenciadorGrafico::ajustarCamera(void)" (?ajustarCamera@GerenciadorGrafico@@QEAAXXZ)
GerenciadorGrafico.obj : error LNK2019: símbolo externo indefinido "__declspec(dllimport) public: void __cdecl sf::RenderTarget::clear(class sf::Color const &)" (__imp_?clear@RenderTarget@sf@@QEAAXAEBVColor@2@@Z) referenciado na função "public: void __cdecl GerenciadorGrafico::limparJanela(void)" (?limparJanela@GerenciadorGrafico@@QEAAXXZ)
GerenciadorGrafico.obj : error LNK2019: símbolo externo indefinido "__declspec(dllimport) public: void __cdecl sf::RenderTarget::setView(class sf::View const &)" (__imp_?setView@RenderTarget@sf@@QEAAXAEBVView@2@@Z) referenciado na função "public: void __cdecl GerenciadorGrafico::setarCamera(void)" (?setarCamera@GerenciadorGrafico@@QEAAXXZ)
GerenciadorGrafico.obj : error LNK2019: símbolo externo indefinido "__declspec(dllimport) public: void __cdecl sf::RenderTarget::draw(class sf::Drawable const &,class sf::RenderStates const &)" (__imp_?draw@RenderTarget@sf@@QEAAXAEBVDrawable@2@AEBVRenderStates@2@@Z) referenciado na função "public: void __cdecl GerenciadorGrafico::desenhar(class sf::Drawable &)" (?desenhar@GerenciadorGrafico@@QEAAXAEAVDrawable@sf@@@Z)
GerenciadorGrafico.obj : error LNK2019: símbolo externo indefinido "__declspec(dllimport) public: __cdecl sf::RenderWindow::RenderWindow(class sf::VideoMode,class sf::String const &,unsigned int,struct sf::ContextSettings const &)" (__imp_??0RenderWindow@sf@@QEAA@VVideoMode@1@AEBVString@1@IAEBUContextSettings@1@@Z) referenciado na função "protected: __cdecl GerenciadorGrafico::GerenciadorGrafico(void)" (??0GerenciadorGrafico@@IEAA@XZ)
GerenciadorGrafico.obj : error LNK2019: símbolo externo indefinido "__declspec(dllimport) public: virtual __cdecl sf::RenderWindow::~RenderWindow(void)" (__imp_??1RenderWindow@sf@@UEAA@XZ) referenciado na função "int `protected: __cdecl GerenciadorGrafico::GerenciadorGrafico(void)'::`1'::dtor$2" (?dtor$2@?0???0GerenciadorGrafico@@IEAA@XZ@4HA)
GerenciadorGrafico.obj : error LNK2001: símbolos externos indefinidos "__declspec(dllimport) public: static class sf::RenderStates const sf::RenderStates::Default" (__imp_?Default@RenderStates@sf@@2V12@B)
Jogador.obj : error LNK2019: símbolo externo indefinido "__declspec(dllimport) public: int __cdecl sf::Time::asMilliseconds(void)const " (__imp_?asMilliseconds@Time@sf@@QEBAHXZ) referenciado na função "public: void __cdecl Personagens::Jogador::atacar(float,class sf::Vector2<float>,class Personagens::Inimigo *)" (?atacar@Jogador@Personagens@@QEAAXMV?$Vector2@M@sf@@PEAVInimigo@2@@Z)
Menu.obj : error LNK2001: símbolos externos indefinidos "__declspec(dllimport) public: int __cdecl sf::Time::asMilliseconds(void)const " (__imp_?asMilliseconds@Time@sf@@QEBAHXZ)
Jogador.obj : error LNK2019: símbolo externo indefinido "__declspec(dllimport) public: __cdecl sf::Clock::Clock(void)" (__imp_??0Clock@sf@@QEAA@XZ) referenciado na função "public: __cdecl Personagens::Jogador::Jogador(class sf::Texture *,class sf::Vector2<unsigned int>,float,float,float,class sf::Vector2<float>,class sf::Vector2<float>,class sf::Vector2<float>,unsigned int)" (??0Jogador@Personagens@@QEAA@PEAVTexture@sf@@V?$Vector2@I@3@MMMV?$Vector2@M@3@22I@Z)
Jogo.obj : error LNK2001: símbolos externos indefinidos "__declspec(dllimport) public: __cdecl sf::Clock::Clock(void)" (__imp_??0Clock@sf@@QEAA@XZ)
Menu.obj : error LNK2001: símbolos externos indefinidos "__declspec(dllimport) public: __cdecl sf::Clock::Clock(void)" (__imp_??0Clock@sf@@QEAA@XZ)
Jogador.obj : error LNK2019: símbolo externo indefinido "__declspec(dllimport) public: class sf::Time __cdecl sf::Clock::getElapsedTime(void)const " (__imp_?getElapsedTime@Clock@sf@@QEBA?AVTime@2@XZ) referenciado na função "public: void __cdecl Personagens::Jogador::atacar(float,class sf::Vector2<float>,class Personagens::Inimigo *)" (?atacar@Jogador@Personagens@@QEAAXMV?$Vector2@M@sf@@PEAVInimigo@2@@Z)
Menu.obj : error LNK2001: símbolos externos indefinidos "__declspec(dllimport) public: class sf::Time __cdecl sf::Clock::getElapsedTime(void)const " (__imp_?getElapsedTime@Clock@sf@@QEBA?AVTime@2@XZ)
Jogador.obj : error LNK2019: símbolo externo indefinido "__declspec(dllimport) public: class sf::Time __cdecl sf::Clock::restart(void)" (__imp_?restart@Clock@sf@@QEAA?AVTime@2@XZ) referenciado na função "public: void __cdecl Personagens::Jogador::atacar(float,class sf::Vector2<float>,class Personagens::Inimigo *)" (?atacar@Jogador@Personagens@@QEAAXMV?$Vector2@M@sf@@PEAVInimigo@2@@Z)
Jogo.obj : error LNK2001: símbolos externos indefinidos "__declspec(dllimport) public: class sf::Time __cdecl sf::Clock::restart(void)" (__imp_?restart@Clock@sf@@QEAA?AVTime@2@XZ)
Menu.obj : error LNK2001: símbolos externos indefinidos "__declspec(dllimport) public: class sf::Time __cdecl sf::Clock::restart(void)" (__imp_?restart@Clock@sf@@QEAA?AVTime@2@XZ)
Jogador.obj : error LNK2019: símbolo externo indefinido "__declspec(dllimport) public: static bool __cdecl sf::Keyboard::isKeyPressed(enum sf::Keyboard::Key)" (__imp_?isKeyPressed@Keyboard@sf@@SA_NW4Key@12@@Z) referenciado na função "public: virtual void __cdecl Personagens::Jogador::movimentar(float)" (?movimentar@Jogador@Personagens@@UEAAXM@Z)
Jogo.obj : error LNK2001: símbolos externos indefinidos "__declspec(dllimport) public: static bool __cdecl sf::Keyboard::isKeyPressed(enum sf::Keyboard::Key)" (__imp_?isKeyPressed@Keyboard@sf@@SA_NW4Key@12@@Z)
Menu.obj : error LNK2001: símbolos externos indefinidos "__declspec(dllimport) public: static bool __cdecl sf::Keyboard::isKeyPressed(enum sf::Keyboard::Key)" (__imp_?isKeyPressed@Keyboard@sf@@SA_NW4Key@12@@Z)
Jogador.obj : error LNK2019: símbolo externo indefinido "__declspec(dllimport) public: void __cdecl sf::Transformable::setPosition(float,float)" (__imp_?setPosition@Transformable@sf@@QEAAXMM@Z) referenciado na função "public: void __cdecl Personagens::Jogador::atualizarAtaque(float)" (?atualizarAtaque@Jogador@Personagens@@QEAAXM@Z)
Menu.obj : error LNK2001: símbolos externos indefinidos "__declspec(dllimport) public: void __cdecl sf::Transformable::setPosition(float,float)" (__imp_?setPosition@Transformable@sf@@QEAAXMM@Z)
Jogador.obj : error LNK2019: símbolo externo indefinido "__declspec(dllimport) public: void __cdecl sf::Transformable::setOrigin(float,float)" (__imp_?setOrigin@Transformable@sf@@QEAAXMM@Z) referenciado na função "public: __cdecl Personagens::Jogador::Jogador(class sf::Texture *,class sf::Vector2<unsigned int>,float,float,float,class sf::Vector2<float>,class sf::Vector2<float>,class sf::Vector2<float>,unsigned int)" (??0Jogador@Personagens@@QEAA@PEAVTexture@sf@@V?$Vector2@I@3@MMMV?$Vector2@M@3@22I@Z)
Jogo.obj : error LNK2001: símbolos externos indefinidos "__declspec(dllimport) public: void __cdecl sf::Transformable::setOrigin(float,float)" (__imp_?setOrigin@Transformable@sf@@QEAAXMM@Z)
Jogador.obj : error LNK2019: símbolo externo indefinido "__declspec(dllimport) public: class sf::Vector2<float> const & __cdecl sf::Transformable::getOrigin(void)const " (__imp_?getOrigin@Transformable@sf@@QEBAAEBV?$Vector2@M@2@XZ) referenciado na função "public: void __cdecl Personagens::Jogador::atualizarAtaque(float)" (?atualizarAtaque@Jogador@Personagens@@QEAAXM@Z)
Jogador.obj : error LNK2019: símbolo externo indefinido "__declspec(dllimport) public: void __cdecl sf::Transformable::move(class sf::Vector2<float> const &)" (__imp_?move@Transformable@sf@@QEAAXAEBV?$Vector2@M@2@@Z) referenciado na função "public: void __cdecl Personagens::Jogador::animacaoAtaque(float)" (?animacaoAtaque@Jogador@Personagens@@QEAAXM@Z)
Umibozu.obj : error LNK2001: símbolos externos indefinidos "__declspec(dllimport) public: void __cdecl sf::Transformable::move(class sf::Vector2<float> const &)" (__imp_?move@Transformable@sf@@QEAAXAEBV?$Vector2@M@2@@Z)
Jogador.obj : error LNK2019: símbolo externo indefinido "__declspec(dllimport) public: void __cdecl sf::Shape::setTextureRect(class sf::Rect<int> const &)" (__imp_?setTextureRect@Shape@sf@@QEAAXAEBV?$Rect@H@2@@Z) referenciado na função "public: void __cdecl Personagens::Jogador::animacaoAtaque(float)" (?animacaoAtaque@Jogador@Personagens@@QEAAXM@Z)
Personagem.obj : error LNK2001: símbolos externos indefinidos "__declspec(dllimport) public: void __cdecl sf::Shape::setTextureRect(class sf::Rect<int> const &)" (__imp_?setTextureRect@Shape@sf@@QEAAXAEBV?$Rect@H@2@@Z)
Umibozu.obj : error LNK2001: símbolos externos indefinidos "__declspec(dllimport) public: void __cdecl sf::Shape::setTextureRect(class sf::Rect<int> const &)" (__imp_?setTextureRect@Shape@sf@@QEAAXAEBV?$Rect@H@2@@Z)
Jogo.obj : error LNK2019: símbolo externo indefinido "__declspec(dllimport) public: float __cdecl sf::Time::asSeconds(void)const " (__imp_?asSeconds@Time@sf@@QEBAMXZ) referenciado na função "public: void __cdecl Jogo::atualizar(void)" (?atualizar@Jogo@@QEAAXXZ)
Jogo.obj : error LNK2019: símbolo externo indefinido "__declspec(dllimport) public: void __cdecl sf::Transformable::setScale(float,float)" (__imp_?setScale@Transformable@sf@@QEAAXMM@Z) referenciado na função "public: void __cdecl Jogo::setarTextura(void)" (?setarTextura@Jogo@@QEAAXXZ)
Jogo.obj : error LNK2019: símbolo externo indefinido "__declspec(dllimport) public: bool __cdecl sf::Texture::loadFromFile(class std::basic_string<char,struct std::char_traits<char>,class std::allocator<char> > const &,class sf::Rect<int> const &)" (__imp_?loadFromFile@Texture@sf@@QEAA_NAEBV?$basic_string@DU?$char_traits@D@std@@V?$allocator@D@2@@std@@AEBV?$Rect@H@2@@Z) referenciado na função "public: void __cdecl Jogo::setarTextura(void)" (?setarTextura@Jogo@@QEAAXXZ)
Menu.obj : error LNK2001: símbolos externos indefinidos "__declspec(dllimport) public: bool __cdecl sf::Texture::loadFromFile(class std::basic_string<char,struct std::char_traits<char>,class std::allocator<char> > const &,class sf::Rect<int> const &)" (__imp_?loadFromFile@Texture@sf@@QEAA_NAEBV?$basic_string@DU?$char_traits@D@std@@V?$allocator@D@2@@std@@AEBV?$Rect@H@2@@Z)
Jogo.obj : error LNK2019: símbolo externo indefinido "__declspec(dllimport) public: class sf::Texture & __cdecl sf::Texture::operator=(class sf::Texture const &)" (__imp_??4Texture@sf@@QEAAAEAV01@AEBV01@@Z) referenciado na função "public: class Entidade & __cdecl Entidade::operator=(class Entidade const &)" (??4Entidade@@QEAAAEAV0@AEBV0@@Z)
Jogo.obj : error LNK2019: símbolo externo indefinido "__declspec(dllimport) public: __cdecl sf::Sprite::Sprite(void)" (__imp_??0Sprite@sf@@QEAA@XZ) referenciado na função "public: __cdecl Jogo::Jogo(void)" (??0Jogo@@QEAA@XZ)
Jogo.obj : error LNK2019: símbolo externo indefinido "__declspec(dllimport) public: void __cdecl sf::Sprite::setTexture(class sf::Texture const &,bool)" (__imp_?setTexture@Sprite@sf@@QEAAXAEBVTexture@2@_N@Z) referenciado na função "public: void __cdecl Jogo::setarTextura(void)" (?setarTextura@Jogo@@QEAAXXZ)
Jogo.obj : error LNK2019: símbolo externo indefinido "__declspec(dllimport) public: virtual __cdecl sf::Sprite::~Sprite(void)" (__imp_??1Sprite@sf@@UEAA@XZ) referenciado na função "int `public: __cdecl Jogo::Jogo(void)'::`1'::dtor$4" (?dtor$4@?0???0Jogo@@QEAA@XZ@4HA)
Menu.obj : error LNK2019: símbolo externo indefinido "__declspec(dllimport) public: void __cdecl sf::SoundSource::setVolume(float)" (__imp_?setVolume@SoundSource@sf@@QEAAXM@Z) referenciado na função "public: void __cdecl Menu::executar(void)" (?executar@Menu@@QEAAXXZ)
Menu.obj : error LNK2019: símbolo externo indefinido "__declspec(dllimport) public: void __cdecl sf::SoundStream::setLoop(bool)" (__imp_?setLoop@SoundStream@sf@@QEAAX_N@Z) referenciado na função "public: void __cdecl Menu::executar(void)" (?executar@Menu@@QEAAXXZ)
Menu.obj : error LNK2019: símbolo externo indefinido "__declspec(dllimport) public: bool __cdecl sf::Music::openFromFile(class std::basic_string<char,struct std::char_traits<char>,class std::allocator<char> > const &)" (__imp_?openFromFile@Music@sf@@QEAA_NAEBV?$basic_string@DU?$char_traits@D@std@@V?$allocator@D@2@@std@@@Z) referenciado na função "public: int __cdecl Menu::inicializarMusica(void)" (?inicializarMusica@Menu@@QEAAHXZ)
Plataforma.obj : error LNK2019: símbolo externo indefinido "__declspec(dllimport) public: void __cdecl sf::Shape::setOutlineColor(class sf::Color const &)" (__imp_?setOutlineColor@Shape@sf@@QEAAXAEBVColor@2@@Z) referenciado na função "public: __cdecl Plataforma::Plataforma(class sf::Texture *,class sf::Vector2<float>,class sf::Vector2<float>)" (??0Plataforma@@QEAA@PEAVTexture@sf@@V?$Vector2@M@2@1@Z)
Plataforma.obj : error LNK2019: símbolo externo indefinido "__declspec(dllimport) public: void __cdecl sf::Shape::setOutlineThickness(float)" (__imp_?setOutlineThickness@Shape@sf@@QEAAXM@Z) referenciado na função "public: __cdecl Plataforma::Plataforma(class sf::Texture *,class sf::Vector2<float>,class sf::Vector2<float>)" (??0Plataforma@@QEAA@PEAVTexture@sf@@V?$Vector2@M@2@1@Z)
Plataforma.obj : error LNK2001: símbolos externos indefinidos "__declspec(dllimport) public: static class sf::Color const sf::Color::Green" (__imp_?Green@Color@sf@@2V12@B)
C:\Users\Henrique\Desktop\Faculdade\Técnicas de Programação\RONIN\x64\Debug\RONIN.exe : fatal error LNK1120: 57 externo não resolvidos
