c:\users\henrique\desktop\faculdade\técnicas de programação\ronin\ronin\x64\debug\vc142.pdb
c:\users\henrique\desktop\faculdade\técnicas de programação\ronin\ronin\x64\debug\vc142.idb
c:\users\henrique\desktop\faculdade\técnicas de programação\ronin\ronin\x64\debug\plataforma.obj
c:\users\henrique\desktop\faculdade\técnicas de programação\ronin\ronin\x64\debug\personagem.obj
c:\users\henrique\desktop\faculdade\técnicas de programação\ronin\ronin\x64\debug\obstaculo.obj
c:\users\henrique\desktop\faculdade\técnicas de programação\ronin\ronin\x64\debug\menu.obj
c:\users\henrique\desktop\faculdade\técnicas de programação\ronin\ronin\x64\debug\main.obj
c:\users\henrique\desktop\faculdade\técnicas de programação\ronin\ronin\x64\debug\listaentidades.obj
c:\users\henrique\desktop\faculdade\técnicas de programação\ronin\ronin\x64\debug\kage.obj
c:\users\henrique\desktop\faculdade\técnicas de programação\ronin\ronin\x64\debug\jogo.obj
c:\users\henrique\desktop\faculdade\técnicas de programação\ronin\ronin\x64\debug\jogador.obj
c:\users\henrique\desktop\faculdade\técnicas de programação\ronin\ronin\x64\debug\inimigo.obj
c:\users\henrique\desktop\faculdade\técnicas de programação\ronin\ronin\x64\debug\gerenciadorgrafico.obj
c:\users\henrique\desktop\faculdade\técnicas de programação\ronin\ronin\x64\debug\fase2.obj
c:\users\henrique\desktop\faculdade\técnicas de programação\ronin\ronin\x64\debug\fase1.obj
c:\users\henrique\desktop\faculdade\técnicas de programação\ronin\ronin\x64\debug\fase.obj
c:\users\henrique\desktop\faculdade\técnicas de programação\ronin\ronin\x64\debug\entidade.obj
c:\users\henrique\desktop\faculdade\técnicas de programação\ronin\ronin\x64\debug\colisor.obj
c:\users\henrique\desktop\faculdade\técnicas de programação\ronin\ronin\x64\debug\caixa.obj
c:\users\henrique\desktop\faculdade\técnicas de programação\ronin\ronin\x64\debug\botao.obj
c:\users\henrique\desktop\faculdade\técnicas de programação\ronin\ronin\x64\debug\animador.obj
c:\users\henrique\desktop\faculdade\técnicas de programação\ronin\ronin\x64\debug\akaname.obj
c:\users\henrique\desktop\faculdade\técnicas de programação\ronin\ronin\x64\debug\umibozu.obj
c:\users\henrique\desktop\faculdade\técnicas de programação\ronin\x64\debug\ronin.pdb
c:\users\henrique\desktop\faculdade\técnicas de programação\ronin\ronin\x64\debug\ronin.tlog\cl.command.1.tlog
c:\users\henrique\desktop\faculdade\técnicas de programação\ronin\ronin\x64\debug\ronin.tlog\cl.read.1.tlog
c:\users\henrique\desktop\faculdade\técnicas de programação\ronin\ronin\x64\debug\ronin.tlog\cl.write.1.tlog
c:\users\henrique\desktop\faculdade\técnicas de programação\ronin\ronin\x64\debug\ronin.tlog\link-cvtres.read.1.tlog
c:\users\henrique\desktop\faculdade\técnicas de programação\ronin\ronin\x64\debug\ronin.tlog\link-cvtres.write.1.tlog
c:\users\henrique\desktop\faculdade\técnicas de programação\ronin\ronin\x64\debug\ronin.tlog\link-rc.read.1.tlog
c:\users\henrique\desktop\faculdade\técnicas de programação\ronin\ronin\x64\debug\ronin.tlog\link-rc.write.1.tlog
c:\users\henrique\desktop\faculdade\técnicas de programação\ronin\ronin\x64\debug\ronin.tlog\link.command.1.tlog
c:\users\henrique\desktop\faculdade\técnicas de programação\ronin\ronin\x64\debug\ronin.tlog\link.read.1.tlog
c:\users\henrique\desktop\faculdade\técnicas de programação\ronin\ronin\x64\debug\ronin.tlog\link.write.1.tlog
