c:\users\henrique\desktop\faculdade\técnicas de programação\ronin\ronin\debug\vc142.pdb
c:\users\henrique\desktop\faculdade\técnicas de programação\ronin\ronin\debug\vc142.idb
c:\users\henrique\desktop\faculdade\técnicas de programação\ronin\ronin\debug\umibozu.obj
c:\users\henrique\desktop\faculdade\técnicas de programação\ronin\ronin\debug\plataformasuspensa.obj
c:\users\henrique\desktop\faculdade\técnicas de programação\ronin\ronin\debug\obstaculo.obj
c:\users\henrique\desktop\faculdade\técnicas de programação\ronin\ronin\debug\kage.obj
c:\users\henrique\desktop\faculdade\técnicas de programação\ronin\ronin\debug\jogador.obj
c:\users\henrique\desktop\faculdade\técnicas de programação\ronin\ronin\debug\fogofatuo.obj
c:\users\henrique\desktop\faculdade\técnicas de programação\ronin\ronin\debug\colisor.obj
c:\users\henrique\desktop\faculdade\técnicas de programação\ronin\ronin\debug\main.obj
c:\users\henrique\desktop\faculdade\técnicas de programação\ronin\ronin\debug\jogo.obj
c:\users\henrique\desktop\faculdade\técnicas de programação\ronin\ronin\debug\fase2.obj
c:\users\henrique\desktop\faculdade\técnicas de programação\ronin\ronin\debug\fase1.obj
c:\users\henrique\desktop\faculdade\técnicas de programação\ronin\ronin\debug\fase.obj
c:\users\henrique\desktop\faculdade\técnicas de programação\ronin\ronin\debug\listaplataformas.obj
c:\users\henrique\desktop\faculdade\técnicas de programação\ronin\ronin\debug\listainimigos.obj
c:\users\henrique\desktop\faculdade\técnicas de programação\ronin\ronin\debug\caixa.obj
c:\users\henrique\desktop\faculdade\técnicas de programação\ronin\ronin\debug\animador.obj
c:\users\henrique\desktop\faculdade\técnicas de programação\ronin\ronin\debug\menu.obj
c:\users\henrique\desktop\faculdade\técnicas de programação\ronin\ronin\debug\listaobstaculos.obj
c:\users\henrique\desktop\faculdade\técnicas de programação\ronin\ronin\debug\listaentidades.obj
c:\users\henrique\desktop\faculdade\técnicas de programação\ronin\ronin\debug\inimigo.obj
c:\users\henrique\desktop\faculdade\técnicas de programação\ronin\ronin\debug\entidade.obj
c:\users\henrique\desktop\faculdade\técnicas de programação\ronin\ronin\debug\botao.obj
c:\users\henrique\desktop\faculdade\técnicas de programação\ronin\ronin\debug\pontuacao.obj
c:\users\henrique\desktop\faculdade\técnicas de programação\ronin\ronin\debug\plataforma.obj
c:\users\henrique\desktop\faculdade\técnicas de programação\ronin\ronin\debug\personagem.obj
c:\users\henrique\desktop\faculdade\técnicas de programação\ronin\ronin\debug\akaname.obj
c:\users\henrique\desktop\faculdade\técnicas de programação\ronin\ronin\debug\gerenciadorgrafico.obj
c:\users\henrique\desktop\faculdade\técnicas de programação\ronin\ronin\debug\estatua.obj
c:\users\henrique\desktop\faculdade\técnicas de programação\ronin\debug\ronin.exe
c:\users\henrique\desktop\faculdade\técnicas de programação\ronin\debug\ronin.ilk
c:\users\henrique\desktop\faculdade\técnicas de programação\ronin\debug\ronin.pdb
c:\users\henrique\desktop\faculdade\técnicas de programação\ronin\ronin\debug\ronin.tlog\cl.command.1.tlog
c:\users\henrique\desktop\faculdade\técnicas de programação\ronin\ronin\debug\ronin.tlog\cl.read.1.tlog
c:\users\henrique\desktop\faculdade\técnicas de programação\ronin\ronin\debug\ronin.tlog\cl.write.1.tlog
c:\users\henrique\desktop\faculdade\técnicas de programação\ronin\ronin\debug\ronin.tlog\link.command.1.tlog
c:\users\henrique\desktop\faculdade\técnicas de programação\ronin\ronin\debug\ronin.tlog\link.read.1.tlog
c:\users\henrique\desktop\faculdade\técnicas de programação\ronin\ronin\debug\ronin.tlog\link.write.1.tlog
